Build started 4/7/2014 4:27:37 PM.
     1>Project "C:\Users\Anind_Tobii\Dropbox\[UbiComp 2014] Driving Capture Study\Data_preprocessor\BioHarness_parser\BioHarness_parser.vcxproj" on node 2 (Rebuild target(s)).
     1>InitializeBuildStatus:
         Creating "Debug\BioHarness_parser.unsuccessfulbuild" because "AlwaysCreate" was specified.
       ClCompile:
         C:\Program Files (x86)\Microsoft Visual Studio 11.0\VC\bin\CL.exe /c /ZI /nologo /W3 /WX- /Od /Oy- /D WIN32 /D _DEBUG /D _CONSOLE /D _UNICODE /D UNICODE /Gm /EHsc /RTC1 /MDd /GS /fp:precise /Zc:wchar_t /Zc:forScope /Yc"stdafx.h" /Fp"Debug\BioHarness_parser.pch" /Fo"Debug\\" /Fd"Debug\vc110.pdb" /Gd /TP /analyze- /errorReport:prompt stdafx.cpp
         stdafx.cpp
         C:\Program Files (x86)\Microsoft Visual Studio 11.0\VC\bin\CL.exe /c /ZI /nologo /W3 /WX- /Od /Oy- /D WIN32 /D _DEBUG /D _CONSOLE /D _UNICODE /D UNICODE /Gm /EHsc /RTC1 /MDd /GS /fp:precise /Zc:wchar_t /Zc:forScope /Yu"stdafx.h" /Fp"Debug\BioHarness_parser.pch" /Fo"Debug\\" /Fd"Debug\vc110.pdb" /Gd /TP /analyze- /errorReport:prompt BioHarness_parser.cpp
         BioHarness_parser.cpp
     1>c:\users\anind_tobii\dropbox\[ubicomp 2014] driving capture study\data_preprocessor\bioharness_parser\bioharness_parser.cpp(206): warning C4996: 'strcpy': This function or variable may be unsafe. Consider using strcpy_s instead. To disable deprecation, use _CRT_SECURE_NO_WARNINGS. See online help for details.
                 c:\program files (x86)\microsoft visual studio 11.0\vc\include\string.h(110) : see declaration of 'strcpy'
     1>c:\users\anind_tobii\dropbox\[ubicomp 2014] driving capture study\data_preprocessor\bioharness_parser\bioharness_parser.cpp(208): warning C4996: 'strcpy': This function or variable may be unsafe. Consider using strcpy_s instead. To disable deprecation, use _CRT_SECURE_NO_WARNINGS. See online help for details.
                 c:\program files (x86)\microsoft visual studio 11.0\vc\include\string.h(110) : see declaration of 'strcpy'
     1>c:\users\anind_tobii\dropbox\[ubicomp 2014] driving capture study\data_preprocessor\bioharness_parser\bioharness_parser.cpp(209): warning C4996: 'strcpy': This function or variable may be unsafe. Consider using strcpy_s instead. To disable deprecation, use _CRT_SECURE_NO_WARNINGS. See online help for details.
                 c:\program files (x86)\microsoft visual studio 11.0\vc\include\string.h(110) : see declaration of 'strcpy'
     1>c:\users\anind_tobii\dropbox\[ubicomp 2014] driving capture study\data_preprocessor\bioharness_parser\bioharness_parser.cpp(210): warning C4996: 'strcpy': This function or variable may be unsafe. Consider using strcpy_s instead. To disable deprecation, use _CRT_SECURE_NO_WARNINGS. See online help for details.
                 c:\program files (x86)\microsoft visual studio 11.0\vc\include\string.h(110) : see declaration of 'strcpy'
     1>c:\users\anind_tobii\dropbox\[ubicomp 2014] driving capture study\data_preprocessor\bioharness_parser\bioharness_parser.cpp(222): warning C4996: 'strtok': This function or variable may be unsafe. Consider using strtok_s instead. To disable deprecation, use _CRT_SECURE_NO_WARNINGS. See online help for details.
                 c:\program files (x86)\microsoft visual studio 11.0\vc\include\string.h(200) : see declaration of 'strtok'
     1>c:\users\anind_tobii\dropbox\[ubicomp 2014] driving capture study\data_preprocessor\bioharness_parser\bioharness_parser.cpp(223): warning C4996: 'strtok': This function or variable may be unsafe. Consider using strtok_s instead. To disable deprecation, use _CRT_SECURE_NO_WARNINGS. See online help for details.
                 c:\program files (x86)\microsoft visual studio 11.0\vc\include\string.h(200) : see declaration of 'strtok'
     1>c:\users\anind_tobii\dropbox\[ubicomp 2014] driving capture study\data_preprocessor\bioharness_parser\bioharness_parser.cpp(224): warning C4996: 'strtok': This function or variable may be unsafe. Consider using strtok_s instead. To disable deprecation, use _CRT_SECURE_NO_WARNINGS. See online help for details.
                 c:\program files (x86)\microsoft visual studio 11.0\vc\include\string.h(200) : see declaration of 'strtok'
     1>c:\users\anind_tobii\dropbox\[ubicomp 2014] driving capture study\data_preprocessor\bioharness_parser\bioharness_parser.cpp(225): warning C4996: 'strtok': This function or variable may be unsafe. Consider using strtok_s instead. To disable deprecation, use _CRT_SECURE_NO_WARNINGS. See online help for details.
                 c:\program files (x86)\microsoft visual studio 11.0\vc\include\string.h(200) : see declaration of 'strtok'
     1>c:\users\anind_tobii\dropbox\[ubicomp 2014] driving capture study\data_preprocessor\bioharness_parser\bioharness_parser.cpp(227): warning C4996: 'strcpy': This function or variable may be unsafe. Consider using strcpy_s instead. To disable deprecation, use _CRT_SECURE_NO_WARNINGS. See online help for details.
                 c:\program files (x86)\microsoft visual studio 11.0\vc\include\string.h(110) : see declaration of 'strcpy'
     1>c:\users\anind_tobii\dropbox\[ubicomp 2014] driving capture study\data_preprocessor\bioharness_parser\bioharness_parser.cpp(230): warning C4996: 'strtok': This function or variable may be unsafe. Consider using strtok_s instead. To disable deprecation, use _CRT_SECURE_NO_WARNINGS. See online help for details.
                 c:\program files (x86)\microsoft visual studio 11.0\vc\include\string.h(200) : see declaration of 'strtok'
     1>c:\users\anind_tobii\dropbox\[ubicomp 2014] driving capture study\data_preprocessor\bioharness_parser\bioharness_parser.cpp(231): warning C4996: 'strtok': This function or variable may be unsafe. Consider using strtok_s instead. To disable deprecation, use _CRT_SECURE_NO_WARNINGS. See online help for details.
                 c:\program files (x86)\microsoft visual studio 11.0\vc\include\string.h(200) : see declaration of 'strtok'
     1>c:\users\anind_tobii\dropbox\[ubicomp 2014] driving capture study\data_preprocessor\bioharness_parser\bioharness_parser.cpp(232): warning C4996: 'strtok': This function or variable may be unsafe. Consider using strtok_s instead. To disable deprecation, use _CRT_SECURE_NO_WARNINGS. See online help for details.
                 c:\program files (x86)\microsoft visual studio 11.0\vc\include\string.h(200) : see declaration of 'strtok'
     1>c:\users\anind_tobii\dropbox\[ubicomp 2014] driving capture study\data_preprocessor\bioharness_parser\bioharness_parser.cpp(234): warning C4996: 'strtok': This function or variable may be unsafe. Consider using strtok_s instead. To disable deprecation, use _CRT_SECURE_NO_WARNINGS. See online help for details.
                 c:\program files (x86)\microsoft visual studio 11.0\vc\include\string.h(200) : see declaration of 'strtok'
     1>c:\users\anind_tobii\dropbox\[ubicomp 2014] driving capture study\data_preprocessor\bioharness_parser\bioharness_parser.cpp(235): warning C4996: 'strtok': This function or variable may be unsafe. Consider using strtok_s instead. To disable deprecation, use _CRT_SECURE_NO_WARNINGS. See online help for details.
                 c:\program files (x86)\microsoft visual studio 11.0\vc\include\string.h(200) : see declaration of 'strtok'
     1>c:\users\anind_tobii\dropbox\[ubicomp 2014] driving capture study\data_preprocessor\bioharness_parser\bioharness_parser.cpp(236): warning C4996: 'strtok': This function or variable may be unsafe. Consider using strtok_s instead. To disable deprecation, use _CRT_SECURE_NO_WARNINGS. See online help for details.
                 c:\program files (x86)\microsoft visual studio 11.0\vc\include\string.h(200) : see declaration of 'strtok'
     1>c:\users\anind_tobii\dropbox\[ubicomp 2014] driving capture study\data_preprocessor\bioharness_parser\bioharness_parser.cpp(237): warning C4996: 'strcpy': This function or variable may be unsafe. Consider using strcpy_s instead. To disable deprecation, use _CRT_SECURE_NO_WARNINGS. See online help for details.
                 c:\program files (x86)\microsoft visual studio 11.0\vc\include\string.h(110) : see declaration of 'strcpy'
     1>c:\users\anind_tobii\dropbox\[ubicomp 2014] driving capture study\data_preprocessor\bioharness_parser\bioharness_parser.cpp(239): warning C4996: 'strtok': This function or variable may be unsafe. Consider using strtok_s instead. To disable deprecation, use _CRT_SECURE_NO_WARNINGS. See online help for details.
                 c:\program files (x86)\microsoft visual studio 11.0\vc\include\string.h(200) : see declaration of 'strtok'
     1>c:\users\anind_tobii\dropbox\[ubicomp 2014] driving capture study\data_preprocessor\bioharness_parser\bioharness_parser.cpp(240): warning C4996: 'strtok': This function or variable may be unsafe. Consider using strtok_s instead. To disable deprecation, use _CRT_SECURE_NO_WARNINGS. See online help for details.
                 c:\program files (x86)\microsoft visual studio 11.0\vc\include\string.h(200) : see declaration of 'strtok'
     1>c:\users\anind_tobii\dropbox\[ubicomp 2014] driving capture study\data_preprocessor\bioharness_parser\bioharness_parser.cpp(241): warning C4996: 'strtok': This function or variable may be unsafe. Consider using strtok_s instead. To disable deprecation, use _CRT_SECURE_NO_WARNINGS. See online help for details.
                 c:\program files (x86)\microsoft visual studio 11.0\vc\include\string.h(200) : see declaration of 'strtok'
     1>c:\users\anind_tobii\dropbox\[ubicomp 2014] driving capture study\data_preprocessor\bioharness_parser\bioharness_parser.cpp(242): warning C4996: 'strcpy': This function or variable may be unsafe. Consider using strcpy_s instead. To disable deprecation, use _CRT_SECURE_NO_WARNINGS. See online help for details.
                 c:\program files (x86)\microsoft visual studio 11.0\vc\include\string.h(110) : see declaration of 'strcpy'
     1>c:\users\anind_tobii\dropbox\[ubicomp 2014] driving capture study\data_preprocessor\bioharness_parser\bioharness_parser.cpp(281): warning C4996: 'strcpy': This function or variable may be unsafe. Consider using strcpy_s instead. To disable deprecation, use _CRT_SECURE_NO_WARNINGS. See online help for details.
                 c:\program files (x86)\microsoft visual studio 11.0\vc\include\string.h(110) : see declaration of 'strcpy'
     1>c:\users\anind_tobii\dropbox\[ubicomp 2014] driving capture study\data_preprocessor\bioharness_parser\bioharness_parser.cpp(282): warning C4996: 'strcpy': This function or variable may be unsafe. Consider using strcpy_s instead. To disable deprecation, use _CRT_SECURE_NO_WARNINGS. See online help for details.
                 c:\program files (x86)\microsoft visual studio 11.0\vc\include\string.h(110) : see declaration of 'strcpy'
     1>c:\users\anind_tobii\dropbox\[ubicomp 2014] driving capture study\data_preprocessor\bioharness_parser\bioharness_parser.cpp(289): warning C4996: 'strtok': This function or variable may be unsafe. Consider using strtok_s instead. To disable deprecation, use _CRT_SECURE_NO_WARNINGS. See online help for details.
                 c:\program files (x86)\microsoft visual studio 11.0\vc\include\string.h(200) : see declaration of 'strtok'
     1>c:\users\anind_tobii\dropbox\[ubicomp 2014] driving capture study\data_preprocessor\bioharness_parser\bioharness_parser.cpp(290): warning C4996: 'strtok': This function or variable may be unsafe. Consider using strtok_s instead. To disable deprecation, use _CRT_SECURE_NO_WARNINGS. See online help for details.
                 c:\program files (x86)\microsoft visual studio 11.0\vc\include\string.h(200) : see declaration of 'strtok'
     1>c:\users\anind_tobii\dropbox\[ubicomp 2014] driving capture study\data_preprocessor\bioharness_parser\bioharness_parser.cpp(291): warning C4996: 'strtok': This function or variable may be unsafe. Consider using strtok_s instead. To disable deprecation, use _CRT_SECURE_NO_WARNINGS. See online help for details.
                 c:\program files (x86)\microsoft visual studio 11.0\vc\include\string.h(200) : see declaration of 'strtok'
     1>c:\users\anind_tobii\dropbox\[ubicomp 2014] driving capture study\data_preprocessor\bioharness_parser\bioharness_parser.cpp(292): warning C4996: 'strtok': This function or variable may be unsafe. Consider using strtok_s instead. To disable deprecation, use _CRT_SECURE_NO_WARNINGS. See online help for details.
                 c:\program files (x86)\microsoft visual studio 11.0\vc\include\string.h(200) : see declaration of 'strtok'
     1>c:\users\anind_tobii\dropbox\[ubicomp 2014] driving capture study\data_preprocessor\bioharness_parser\bioharness_parser.cpp(294): warning C4996: 'strcpy': This function or variable may be unsafe. Consider using strcpy_s instead. To disable deprecation, use _CRT_SECURE_NO_WARNINGS. See online help for details.
                 c:\program files (x86)\microsoft visual studio 11.0\vc\include\string.h(110) : see declaration of 'strcpy'
     1>c:\users\anind_tobii\dropbox\[ubicomp 2014] driving capture study\data_preprocessor\bioharness_parser\bioharness_parser.cpp(297): warning C4996: 'strtok': This function or variable may be unsafe. Consider using strtok_s instead. To disable deprecation, use _CRT_SECURE_NO_WARNINGS. See online help for details.
                 c:\program files (x86)\microsoft visual studio 11.0\vc\include\string.h(200) : see declaration of 'strtok'
     1>c:\users\anind_tobii\dropbox\[ubicomp 2014] driving capture study\data_preprocessor\bioharness_parser\bioharness_parser.cpp(298): warning C4996: 'strtok': This function or variable may be unsafe. Consider using strtok_s instead. To disable deprecation, use _CRT_SECURE_NO_WARNINGS. See online help for details.
                 c:\program files (x86)\microsoft visual studio 11.0\vc\include\string.h(200) : see declaration of 'strtok'
     1>c:\users\anind_tobii\dropbox\[ubicomp 2014] driving capture study\data_preprocessor\bioharness_parser\bioharness_parser.cpp(299): warning C4996: 'strtok': This function or variable may be unsafe. Consider using strtok_s instead. To disable deprecation, use _CRT_SECURE_NO_WARNINGS. See online help for details.
                 c:\program files (x86)\microsoft visual studio 11.0\vc\include\string.h(200) : see declaration of 'strtok'
     1>c:\users\anind_tobii\dropbox\[ubicomp 2014] driving capture study\data_preprocessor\bioharness_parser\bioharness_parser.cpp(300): warning C4996: 'strcpy': This function or variable may be unsafe. Consider using strcpy_s instead. To disable deprecation, use _CRT_SECURE_NO_WARNINGS. See online help for details.
                 c:\program files (x86)\microsoft visual studio 11.0\vc\include\string.h(110) : see declaration of 'strcpy'
     1>c:\users\anind_tobii\dropbox\[ubicomp 2014] driving capture study\data_preprocessor\bioharness_parser\bioharness_parser.cpp(263): warning C4101: 'month' : unreferenced local variable
     1>c:\users\anind_tobii\dropbox\[ubicomp 2014] driving capture study\data_preprocessor\bioharness_parser\bioharness_parser.cpp(263): warning C4101: 'date' : unreferenced local variable
     1>c:\users\anind_tobii\dropbox\[ubicomp 2014] driving capture study\data_preprocessor\bioharness_parser\bioharness_parser.cpp(263): warning C4101: 'year' : unreferenced local variable
     1>c:\users\anind_tobii\dropbox\[ubicomp 2014] driving capture study\data_preprocessor\bioharness_parser\bioharness_parser.cpp(347): warning C4996: 'sprintf': This function or variable may be unsafe. Consider using sprintf_s instead. To disable deprecation, use _CRT_SECURE_NO_WARNINGS. See online help for details.
                 c:\program files (x86)\microsoft visual studio 11.0\vc\include\stdio.h(357) : see declaration of 'sprintf'
     1>c:\users\anind_tobii\dropbox\[ubicomp 2014] driving capture study\data_preprocessor\bioharness_parser\bioharness_parser.cpp(350): warning C4996: 'itoa': The POSIX name for this item is deprecated. Instead, use the ISO C++ conformant name: _itoa. See online help for details.
                 c:\program files (x86)\microsoft visual studio 11.0\vc\include\stdlib.h(909) : see declaration of 'itoa'
     1>c:\users\anind_tobii\dropbox\[ubicomp 2014] driving capture study\data_preprocessor\bioharness_parser\bioharness_parser.cpp(353): warning C4996: 'sprintf': This function or variable may be unsafe. Consider using sprintf_s instead. To disable deprecation, use _CRT_SECURE_NO_WARNINGS. See online help for details.
                 c:\program files (x86)\microsoft visual studio 11.0\vc\include\stdio.h(357) : see declaration of 'sprintf'
     1>c:\users\anind_tobii\dropbox\[ubicomp 2014] driving capture study\data_preprocessor\bioharness_parser\bioharness_parser.cpp(354): warning C4996: 'sprintf': This function or variable may be unsafe. Consider using sprintf_s instead. To disable deprecation, use _CRT_SECURE_NO_WARNINGS. See online help for details.
                 c:\program files (x86)\microsoft visual studio 11.0\vc\include\stdio.h(357) : see declaration of 'sprintf'
     1>c:\users\anind_tobii\dropbox\[ubicomp 2014] driving capture study\data_preprocessor\bioharness_parser\bioharness_parser.cpp(366): warning C4996: 'sprintf': This function or variable may be unsafe. Consider using sprintf_s instead. To disable deprecation, use _CRT_SECURE_NO_WARNINGS. See online help for details.
                 c:\program files (x86)\microsoft visual studio 11.0\vc\include\stdio.h(357) : see declaration of 'sprintf'
     1>c:\users\anind_tobii\dropbox\[ubicomp 2014] driving capture study\data_preprocessor\bioharness_parser\bioharness_parser.cpp(367): warning C4996: 'sprintf': This function or variable may be unsafe. Consider using sprintf_s instead. To disable deprecation, use _CRT_SECURE_NO_WARNINGS. See online help for details.
                 c:\program files (x86)\microsoft visual studio 11.0\vc\include\stdio.h(357) : see declaration of 'sprintf'
     1>c:\users\anind_tobii\dropbox\[ubicomp 2014] driving capture study\data_preprocessor\bioharness_parser\bioharness_parser.cpp(370): warning C4996: 'sprintf': This function or variable may be unsafe. Consider using sprintf_s instead. To disable deprecation, use _CRT_SECURE_NO_WARNINGS. See online help for details.
                 c:\program files (x86)\microsoft visual studio 11.0\vc\include\stdio.h(357) : see declaration of 'sprintf'
     1>c:\users\anind_tobii\dropbox\[ubicomp 2014] driving capture study\data_preprocessor\bioharness_parser\bioharness_parser.cpp(371): warning C4996: 'sprintf': This function or variable may be unsafe. Consider using sprintf_s instead. To disable deprecation, use _CRT_SECURE_NO_WARNINGS. See online help for details.
                 c:\program files (x86)\microsoft visual studio 11.0\vc\include\stdio.h(357) : see declaration of 'sprintf'
     1>c:\users\anind_tobii\dropbox\[ubicomp 2014] driving capture study\data_preprocessor\bioharness_parser\bioharness_parser.cpp(374): warning C4996: 'sprintf': This function or variable may be unsafe. Consider using sprintf_s instead. To disable deprecation, use _CRT_SECURE_NO_WARNINGS. See online help for details.
                 c:\program files (x86)\microsoft visual studio 11.0\vc\include\stdio.h(357) : see declaration of 'sprintf'
     1>c:\users\anind_tobii\dropbox\[ubicomp 2014] driving capture study\data_preprocessor\bioharness_parser\bioharness_parser.cpp(375): warning C4996: 'sprintf': This function or variable may be unsafe. Consider using sprintf_s instead. To disable deprecation, use _CRT_SECURE_NO_WARNINGS. See online help for details.
                 c:\program files (x86)\microsoft visual studio 11.0\vc\include\stdio.h(357) : see declaration of 'sprintf'
     1>c:\users\anind_tobii\dropbox\[ubicomp 2014] driving capture study\data_preprocessor\bioharness_parser\bioharness_parser.cpp(491): warning C4996: 'strtok': This function or variable may be unsafe. Consider using strtok_s instead. To disable deprecation, use _CRT_SECURE_NO_WARNINGS. See online help for details.
                 c:\program files (x86)\microsoft visual studio 11.0\vc\include\string.h(200) : see declaration of 'strtok'
     1>c:\users\anind_tobii\dropbox\[ubicomp 2014] driving capture study\data_preprocessor\bioharness_parser\bioharness_parser.cpp(494): warning C4996: 'strcpy': This function or variable may be unsafe. Consider using strcpy_s instead. To disable deprecation, use _CRT_SECURE_NO_WARNINGS. See online help for details.
                 c:\program files (x86)\microsoft visual studio 11.0\vc\include\string.h(110) : see declaration of 'strcpy'
     1>c:\users\anind_tobii\dropbox\[ubicomp 2014] driving capture study\data_preprocessor\bioharness_parser\bioharness_parser.cpp(498): warning C4996: 'strtok': This function or variable may be unsafe. Consider using strtok_s instead. To disable deprecation, use _CRT_SECURE_NO_WARNINGS. See online help for details.
                 c:\program files (x86)\microsoft visual studio 11.0\vc\include\string.h(200) : see declaration of 'strtok'
     1>c:\users\anind_tobii\dropbox\[ubicomp 2014] driving capture study\data_preprocessor\bioharness_parser\bioharness_parser.cpp(501): warning C4996: 'strtok': This function or variable may be unsafe. Consider using strtok_s instead. To disable deprecation, use _CRT_SECURE_NO_WARNINGS. See online help for details.
                 c:\program files (x86)\microsoft visual studio 11.0\vc\include\string.h(200) : see declaration of 'strtok'
     1>c:\users\anind_tobii\dropbox\[ubicomp 2014] driving capture study\data_preprocessor\bioharness_parser\bioharness_parser.cpp(502): warning C4996: 'strtok': This function or variable may be unsafe. Consider using strtok_s instead. To disable deprecation, use _CRT_SECURE_NO_WARNINGS. See online help for details.
                 c:\program files (x86)\microsoft visual studio 11.0\vc\include\string.h(200) : see declaration of 'strtok'
     1>c:\users\anind_tobii\dropbox\[ubicomp 2014] driving capture study\data_preprocessor\bioharness_parser\bioharness_parser.cpp(503): warning C4996: 'strtok': This function or variable may be unsafe. Consider using strtok_s instead. To disable deprecation, use _CRT_SECURE_NO_WARNINGS. See online help for details.
                 c:\program files (x86)\microsoft visual studio 11.0\vc\include\string.h(200) : see declaration of 'strtok'
     1>c:\users\anind_tobii\dropbox\[ubicomp 2014] driving capture study\data_preprocessor\bioharness_parser\bioharness_parser.cpp(504): warning C4996: 'strtok': This function or variable may be unsafe. Consider using strtok_s instead. To disable deprecation, use _CRT_SECURE_NO_WARNINGS. See online help for details.
                 c:\program files (x86)\microsoft visual studio 11.0\vc\include\string.h(200) : see declaration of 'strtok'
     1>c:\users\anind_tobii\dropbox\[ubicomp 2014] driving capture study\data_preprocessor\bioharness_parser\bioharness_parser.cpp(505): warning C4996: 'strtok': This function or variable may be unsafe. Consider using strtok_s instead. To disable deprecation, use _CRT_SECURE_NO_WARNINGS. See online help for details.
                 c:\program files (x86)\microsoft visual studio 11.0\vc\include\string.h(200) : see declaration of 'strtok'
     1>c:\users\anind_tobii\dropbox\[ubicomp 2014] driving capture study\data_preprocessor\bioharness_parser\bioharness_parser.cpp(507): warning C4996: 'strtok': This function or variable may be unsafe. Consider using strtok_s instead. To disable deprecation, use _CRT_SECURE_NO_WARNINGS. See online help for details.
                 c:\program files (x86)\microsoft visual studio 11.0\vc\include\string.h(200) : see declaration of 'strtok'
     1>c:\users\anind_tobii\dropbox\[ubicomp 2014] driving capture study\data_preprocessor\bioharness_parser\bioharness_parser.cpp(508): warning C4996: 'strtok': This function or variable may be unsafe. Consider using strtok_s instead. To disable deprecation, use _CRT_SECURE_NO_WARNINGS. See online help for details.
                 c:\program files (x86)\microsoft visual studio 11.0\vc\include\string.h(200) : see declaration of 'strtok'
     1>c:\users\anind_tobii\dropbox\[ubicomp 2014] driving capture study\data_preprocessor\bioharness_parser\bioharness_parser.cpp(509): warning C4996: 'strtok': This function or variable may be unsafe. Consider using strtok_s instead. To disable deprecation, use _CRT_SECURE_NO_WARNINGS. See online help for details.
                 c:\program files (x86)\microsoft visual studio 11.0\vc\include\string.h(200) : see declaration of 'strtok'
     1>c:\users\anind_tobii\dropbox\[ubicomp 2014] driving capture study\data_preprocessor\bioharness_parser\bioharness_parser.cpp(510): warning C4996: 'strtok': This function or variable may be unsafe. Consider using strtok_s instead. To disable deprecation, use _CRT_SECURE_NO_WARNINGS. See online help for details.
                 c:\program files (x86)\microsoft visual studio 11.0\vc\include\string.h(200) : see declaration of 'strtok'
     1>c:\users\anind_tobii\dropbox\[ubicomp 2014] driving capture study\data_preprocessor\bioharness_parser\bioharness_parser.cpp(512): warning C4996: 'strtok': This function or variable may be unsafe. Consider using strtok_s instead. To disable deprecation, use _CRT_SECURE_NO_WARNINGS. See online help for details.
                 c:\program files (x86)\microsoft visual studio 11.0\vc\include\string.h(200) : see declaration of 'strtok'
     1>c:\users\anind_tobii\dropbox\[ubicomp 2014] driving capture study\data_preprocessor\bioharness_parser\bioharness_parser.cpp(513): warning C4996: 'strtok': This function or variable may be unsafe. Consider using strtok_s instead. To disable deprecation, use _CRT_SECURE_NO_WARNINGS. See online help for details.
                 c:\program files (x86)\microsoft visual studio 11.0\vc\include\string.h(200) : see declaration of 'strtok'
     1>c:\users\anind_tobii\dropbox\[ubicomp 2014] driving capture study\data_preprocessor\bioharness_parser\bioharness_parser.cpp(516): warning C4996: 'strtok': This function or variable may be unsafe. Consider using strtok_s instead. To disable deprecation, use _CRT_SECURE_NO_WARNINGS. See online help for details.
                 c:\program files (x86)\microsoft visual studio 11.0\vc\include\string.h(200) : see declaration of 'strtok'
     1>c:\users\anind_tobii\dropbox\[ubicomp 2014] driving capture study\data_preprocessor\bioharness_parser\bioharness_parser.cpp(517): warning C4996: 'strtok': This function or variable may be unsafe. Consider using strtok_s instead. To disable deprecation, use _CRT_SECURE_NO_WARNINGS. See online help for details.
                 c:\program files (x86)\microsoft visual studio 11.0\vc\include\string.h(200) : see declaration of 'strtok'
     1>c:\users\anind_tobii\dropbox\[ubicomp 2014] driving capture study\data_preprocessor\bioharness_parser\bioharness_parser.cpp(518): warning C4996: 'strtok': This function or variable may be unsafe. Consider using strtok_s instead. To disable deprecation, use _CRT_SECURE_NO_WARNINGS. See online help for details.
                 c:\program files (x86)\microsoft visual studio 11.0\vc\include\string.h(200) : see declaration of 'strtok'
     1>c:\users\anind_tobii\dropbox\[ubicomp 2014] driving capture study\data_preprocessor\bioharness_parser\bioharness_parser.cpp(519): warning C4996: 'strtok': This function or variable may be unsafe. Consider using strtok_s instead. To disable deprecation, use _CRT_SECURE_NO_WARNINGS. See online help for details.
                 c:\program files (x86)\microsoft visual studio 11.0\vc\include\string.h(200) : see declaration of 'strtok'
     1>c:\users\anind_tobii\dropbox\[ubicomp 2014] driving capture study\data_preprocessor\bioharness_parser\bioharness_parser.cpp(520): warning C4996: 'strtok': This function or variable may be unsafe. Consider using strtok_s instead. To disable deprecation, use _CRT_SECURE_NO_WARNINGS. See online help for details.
                 c:\program files (x86)\microsoft visual studio 11.0\vc\include\string.h(200) : see declaration of 'strtok'
     1>c:\users\anind_tobii\dropbox\[ubicomp 2014] driving capture study\data_preprocessor\bioharness_parser\bioharness_parser.cpp(522): warning C4996: 'strtok': This function or variable may be unsafe. Consider using strtok_s instead. To disable deprecation, use _CRT_SECURE_NO_WARNINGS. See online help for details.
                 c:\program files (x86)\microsoft visual studio 11.0\vc\include\string.h(200) : see declaration of 'strtok'
     1>c:\users\anind_tobii\dropbox\[ubicomp 2014] driving capture study\data_preprocessor\bioharness_parser\bioharness_parser.cpp(523): warning C4996: 'strtok': This function or variable may be unsafe. Consider using strtok_s instead. To disable deprecation, use _CRT_SECURE_NO_WARNINGS. See online help for details.
                 c:\program files (x86)\microsoft visual studio 11.0\vc\include\string.h(200) : see declaration of 'strtok'
     1>c:\users\anind_tobii\dropbox\[ubicomp 2014] driving capture study\data_preprocessor\bioharness_parser\bioharness_parser.cpp(524): warning C4996: 'strtok': This function or variable may be unsafe. Consider using strtok_s instead. To disable deprecation, use _CRT_SECURE_NO_WARNINGS. See online help for details.
                 c:\program files (x86)\microsoft visual studio 11.0\vc\include\string.h(200) : see declaration of 'strtok'
     1>c:\users\anind_tobii\dropbox\[ubicomp 2014] driving capture study\data_preprocessor\bioharness_parser\bioharness_parser.cpp(525): warning C4996: 'strtok': This function or variable may be unsafe. Consider using strtok_s instead. To disable deprecation, use _CRT_SECURE_NO_WARNINGS. See online help for details.
                 c:\program files (x86)\microsoft visual studio 11.0\vc\include\string.h(200) : see declaration of 'strtok'
     1>c:\users\anind_tobii\dropbox\[ubicomp 2014] driving capture study\data_preprocessor\bioharness_parser\bioharness_parser.cpp(527): warning C4996: 'strtok': This function or variable may be unsafe. Consider using strtok_s instead. To disable deprecation, use _CRT_SECURE_NO_WARNINGS. See online help for details.
                 c:\program files (x86)\microsoft visual studio 11.0\vc\include\string.h(200) : see declaration of 'strtok'
     1>c:\users\anind_tobii\dropbox\[ubicomp 2014] driving capture study\data_preprocessor\bioharness_parser\bioharness_parser.cpp(528): warning C4996: 'strtok': This function or variable may be unsafe. Consider using strtok_s instead. To disable deprecation, use _CRT_SECURE_NO_WARNINGS. See online help for details.
                 c:\program files (x86)\microsoft visual studio 11.0\vc\include\string.h(200) : see declaration of 'strtok'
     1>c:\users\anind_tobii\dropbox\[ubicomp 2014] driving capture study\data_preprocessor\bioharness_parser\bioharness_parser.cpp(641): warning C4996: 'sscanf': This function or variable may be unsafe. Consider using sscanf_s instead. To disable deprecation, use _CRT_SECURE_NO_WARNINGS. See online help for details.
                 c:\program files (x86)\microsoft visual studio 11.0\vc\include\stdio.h(311) : see declaration of 'sscanf'
     1>c:\users\anind_tobii\dropbox\[ubicomp 2014] driving capture study\data_preprocessor\bioharness_parser\bioharness_parser.cpp(661): warning C4996: 'strtok': This function or variable may be unsafe. Consider using strtok_s instead. To disable deprecation, use _CRT_SECURE_NO_WARNINGS. See online help for details.
                 c:\program files (x86)\microsoft visual studio 11.0\vc\include\string.h(200) : see declaration of 'strtok'
     1>c:\users\anind_tobii\dropbox\[ubicomp 2014] driving capture study\data_preprocessor\bioharness_parser\bioharness_parser.cpp(666): warning C4996: 'strcpy': This function or variable may be unsafe. Consider using strcpy_s instead. To disable deprecation, use _CRT_SECURE_NO_WARNINGS. See online help for details.
                 c:\program files (x86)\microsoft visual studio 11.0\vc\include\string.h(110) : see declaration of 'strcpy'
     1>c:\users\anind_tobii\dropbox\[ubicomp 2014] driving capture study\data_preprocessor\bioharness_parser\bioharness_parser.cpp(667): warning C4996: 'strtok': This function or variable may be unsafe. Consider using strtok_s instead. To disable deprecation, use _CRT_SECURE_NO_WARNINGS. See online help for details.
                 c:\program files (x86)\microsoft visual studio 11.0\vc\include\string.h(200) : see declaration of 'strtok'
     1>c:\users\anind_tobii\dropbox\[ubicomp 2014] driving capture study\data_preprocessor\bioharness_parser\bioharness_parser.cpp(668): warning C4996: 'strtok': This function or variable may be unsafe. Consider using strtok_s instead. To disable deprecation, use _CRT_SECURE_NO_WARNINGS. See online help for details.
                 c:\program files (x86)\microsoft visual studio 11.0\vc\include\string.h(200) : see declaration of 'strtok'
     1>c:\users\anind_tobii\dropbox\[ubicomp 2014] driving capture study\data_preprocessor\bioharness_parser\bioharness_parser.cpp(673): warning C4996: 'strcpy': This function or variable may be unsafe. Consider using strcpy_s instead. To disable deprecation, use _CRT_SECURE_NO_WARNINGS. See online help for details.
                 c:\program files (x86)\microsoft visual studio 11.0\vc\include\string.h(110) : see declaration of 'strcpy'
     1>c:\users\anind_tobii\dropbox\[ubicomp 2014] driving capture study\data_preprocessor\bioharness_parser\bioharness_parser.cpp(674): warning C4996: 'strtok': This function or variable may be unsafe. Consider using strtok_s instead. To disable deprecation, use _CRT_SECURE_NO_WARNINGS. See online help for details.
                 c:\program files (x86)\microsoft visual studio 11.0\vc\include\string.h(200) : see declaration of 'strtok'
     1>c:\users\anind_tobii\dropbox\[ubicomp 2014] driving capture study\data_preprocessor\bioharness_parser\bioharness_parser.cpp(679): warning C4996: 'strcpy': This function or variable may be unsafe. Consider using strcpy_s instead. To disable deprecation, use _CRT_SECURE_NO_WARNINGS. See online help for details.
                 c:\program files (x86)\microsoft visual studio 11.0\vc\include\string.h(110) : see declaration of 'strcpy'
     1>c:\users\anind_tobii\dropbox\[ubicomp 2014] driving capture study\data_preprocessor\bioharness_parser\bioharness_parser.cpp(680): warning C4996: 'strtok': This function or variable may be unsafe. Consider using strtok_s instead. To disable deprecation, use _CRT_SECURE_NO_WARNINGS. See online help for details.
                 c:\program files (x86)\microsoft visual studio 11.0\vc\include\string.h(200) : see declaration of 'strtok'
     1>c:\users\anind_tobii\dropbox\[ubicomp 2014] driving capture study\data_preprocessor\bioharness_parser\bioharness_parser.cpp(681): warning C4996: 'strtok': This function or variable may be unsafe. Consider using strtok_s instead. To disable deprecation, use _CRT_SECURE_NO_WARNINGS. See online help for details.
                 c:\program files (x86)\microsoft visual studio 11.0\vc\include\string.h(200) : see declaration of 'strtok'
     1>c:\users\anind_tobii\dropbox\[ubicomp 2014] driving capture study\data_preprocessor\bioharness_parser\bioharness_parser.cpp(682): warning C4996: 'strtok': This function or variable may be unsafe. Consider using strtok_s instead. To disable deprecation, use _CRT_SECURE_NO_WARNINGS. See online help for details.
                 c:\program files (x86)\microsoft visual studio 11.0\vc\include\string.h(200) : see declaration of 'strtok'
     1>c:\users\anind_tobii\dropbox\[ubicomp 2014] driving capture study\data_preprocessor\bioharness_parser\bioharness_parser.cpp(683): warning C4996: 'strtok': This function or variable may be unsafe. Consider using strtok_s instead. To disable deprecation, use _CRT_SECURE_NO_WARNINGS. See online help for details.
                 c:\program files (x86)\microsoft visual studio 11.0\vc\include\string.h(200) : see declaration of 'strtok'
     1>c:\users\anind_tobii\dropbox\[ubicomp 2014] driving capture study\data_preprocessor\bioharness_parser\bioharness_parser.cpp(684): warning C4996: 'strtok': This function or variable may be unsafe. Consider using strtok_s instead. To disable deprecation, use _CRT_SECURE_NO_WARNINGS. See online help for details.
                 c:\program files (x86)\microsoft visual studio 11.0\vc\include\string.h(200) : see declaration of 'strtok'
     1>c:\users\anind_tobii\dropbox\[ubicomp 2014] driving capture study\data_preprocessor\bioharness_parser\bioharness_parser.cpp(685): warning C4996: 'strtok': This function or variable may be unsafe. Consider using strtok_s instead. To disable deprecation, use _CRT_SECURE_NO_WARNINGS. See online help for details.
                 c:\program files (x86)\microsoft visual studio 11.0\vc\include\string.h(200) : see declaration of 'strtok'
     1>c:\users\anind_tobii\dropbox\[ubicomp 2014] driving capture study\data_preprocessor\bioharness_parser\bioharness_parser.cpp(686): warning C4996: 'strtok': This function or variable may be unsafe. Consider using strtok_s instead. To disable deprecation, use _CRT_SECURE_NO_WARNINGS. See online help for details.
                 c:\program files (x86)\microsoft visual studio 11.0\vc\include\string.h(200) : see declaration of 'strtok'
     1>c:\users\anind_tobii\dropbox\[ubicomp 2014] driving capture study\data_preprocessor\bioharness_parser\bioharness_parser.cpp(687): warning C4996: 'strtok': This function or variable may be unsafe. Consider using strtok_s instead. To disable deprecation, use _CRT_SECURE_NO_WARNINGS. See online help for details.
                 c:\program files (x86)\microsoft visual studio 11.0\vc\include\string.h(200) : see declaration of 'strtok'
     1>c:\users\anind_tobii\dropbox\[ubicomp 2014] driving capture study\data_preprocessor\bioharness_parser\bioharness_parser.cpp(688): warning C4996: 'strtok': This function or variable may be unsafe. Consider using strtok_s instead. To disable deprecation, use _CRT_SECURE_NO_WARNINGS. See online help for details.
                 c:\program files (x86)\microsoft visual studio 11.0\vc\include\string.h(200) : see declaration of 'strtok'
     1>c:\users\anind_tobii\dropbox\[ubicomp 2014] driving capture study\data_preprocessor\bioharness_parser\bioharness_parser.cpp(689): warning C4996: 'strtok': This function or variable may be unsafe. Consider using strtok_s instead. To disable deprecation, use _CRT_SECURE_NO_WARNINGS. See online help for details.
                 c:\program files (x86)\microsoft visual studio 11.0\vc\include\string.h(200) : see declaration of 'strtok'
     1>c:\users\anind_tobii\dropbox\[ubicomp 2014] driving capture study\data_preprocessor\bioharness_parser\bioharness_parser.cpp(690): warning C4996: 'strtok': This function or variable may be unsafe. Consider using strtok_s instead. To disable deprecation, use _CRT_SECURE_NO_WARNINGS. See online help for details.
                 c:\program files (x86)\microsoft visual studio 11.0\vc\include\string.h(200) : see declaration of 'strtok'
     1>c:\users\anind_tobii\dropbox\[ubicomp 2014] driving capture study\data_preprocessor\bioharness_parser\bioharness_parser.cpp(691): warning C4996: 'strtok': This function or variable may be unsafe. Consider using strtok_s instead. To disable deprecation, use _CRT_SECURE_NO_WARNINGS. See online help for details.
                 c:\program files (x86)\microsoft visual studio 11.0\vc\include\string.h(200) : see declaration of 'strtok'
     1>c:\users\anind_tobii\dropbox\[ubicomp 2014] driving capture study\data_preprocessor\bioharness_parser\bioharness_parser.cpp(692): warning C4996: 'strtok': This function or variable may be unsafe. Consider using strtok_s instead. To disable deprecation, use _CRT_SECURE_NO_WARNINGS. See online help for details.
                 c:\program files (x86)\microsoft visual studio 11.0\vc\include\string.h(200) : see declaration of 'strtok'
     1>c:\users\anind_tobii\dropbox\[ubicomp 2014] driving capture study\data_preprocessor\bioharness_parser\bioharness_parser.cpp(693): warning C4996: 'strtok': This function or variable may be unsafe. Consider using strtok_s instead. To disable deprecation, use _CRT_SECURE_NO_WARNINGS. See online help for details.
                 c:\program files (x86)\microsoft visual studio 11.0\vc\include\string.h(200) : see declaration of 'strtok'
     1>c:\users\anind_tobii\dropbox\[ubicomp 2014] driving capture study\data_preprocessor\bioharness_parser\bioharness_parser.cpp(694): warning C4996: 'strtok': This function or variable may be unsafe. Consider using strtok_s instead. To disable deprecation, use _CRT_SECURE_NO_WARNINGS. See online help for details.
                 c:\program files (x86)\microsoft visual studio 11.0\vc\include\string.h(200) : see declaration of 'strtok'
     1>c:\users\anind_tobii\dropbox\[ubicomp 2014] driving capture study\data_preprocessor\bioharness_parser\bioharness_parser.cpp(695): warning C4996: 'strtok': This function or variable may be unsafe. Consider using strtok_s instead. To disable deprecation, use _CRT_SECURE_NO_WARNINGS. See online help for details.
                 c:\program files (x86)\microsoft visual studio 11.0\vc\include\string.h(200) : see declaration of 'strtok'
     1>c:\users\anind_tobii\dropbox\[ubicomp 2014] driving capture study\data_preprocessor\bioharness_parser\bioharness_parser.cpp(708): warning C4996: 'strcpy': This function or variable may be unsafe. Consider using strcpy_s instead. To disable deprecation, use _CRT_SECURE_NO_WARNINGS. See online help for details.
                 c:\program files (x86)\microsoft visual studio 11.0\vc\include\string.h(110) : see declaration of 'strcpy'
     1>c:\users\anind_tobii\dropbox\[ubicomp 2014] driving capture study\data_preprocessor\bioharness_parser\bioharness_parser.cpp(711): warning C4996: 'strcpy': This function or variable may be unsafe. Consider using strcpy_s instead. To disable deprecation, use _CRT_SECURE_NO_WARNINGS. See online help for details.
                 c:\program files (x86)\microsoft visual studio 11.0\vc\include\string.h(110) : see declaration of 'strcpy'
     1>c:\users\anind_tobii\dropbox\[ubicomp 2014] driving capture study\data_preprocessor\bioharness_parser\bioharness_parser.cpp(714): warning C4996: 'strcpy': This function or variable may be unsafe. Consider using strcpy_s instead. To disable deprecation, use _CRT_SECURE_NO_WARNINGS. See online help for details.
                 c:\program files (x86)\microsoft visual studio 11.0\vc\include\string.h(110) : see declaration of 'strcpy'
     1>c:\users\anind_tobii\dropbox\[ubicomp 2014] driving capture study\data_preprocessor\bioharness_parser\bioharness_parser.cpp(767): warning C4996: 'strcpy': This function or variable may be unsafe. Consider using strcpy_s instead. To disable deprecation, use _CRT_SECURE_NO_WARNINGS. See online help for details.
                 c:\program files (x86)\microsoft visual studio 11.0\vc\include\string.h(110) : see declaration of 'strcpy'
     1>c:\users\anind_tobii\dropbox\[ubicomp 2014] driving capture study\data_preprocessor\bioharness_parser\bioharness_parser.cpp(772): warning C4996: 'strcpy': This function or variable may be unsafe. Consider using strcpy_s instead. To disable deprecation, use _CRT_SECURE_NO_WARNINGS. See online help for details.
                 c:\program files (x86)\microsoft visual studio 11.0\vc\include\string.h(110) : see declaration of 'strcpy'
     1>c:\users\anind_tobii\dropbox\[ubicomp 2014] driving capture study\data_preprocessor\bioharness_parser\bioharness_parser.cpp(777): warning C4996: 'strcpy': This function or variable may be unsafe. Consider using strcpy_s instead. To disable deprecation, use _CRT_SECURE_NO_WARNINGS. See online help for details.
                 c:\program files (x86)\microsoft visual studio 11.0\vc\include\string.h(110) : see declaration of 'strcpy'
     1>c:\users\anind_tobii\dropbox\[ubicomp 2014] driving capture study\data_preprocessor\bioharness_parser\bioharness_parser.cpp(782): warning C4996: 'strcpy': This function or variable may be unsafe. Consider using strcpy_s instead. To disable deprecation, use _CRT_SECURE_NO_WARNINGS. See online help for details.
                 c:\program files (x86)\microsoft visual studio 11.0\vc\include\string.h(110) : see declaration of 'strcpy'
     1>c:\users\anind_tobii\dropbox\[ubicomp 2014] driving capture study\data_preprocessor\bioharness_parser\bioharness_parser.cpp(785): warning C4996: 'strcpy': This function or variable may be unsafe. Consider using strcpy_s instead. To disable deprecation, use _CRT_SECURE_NO_WARNINGS. See online help for details.
                 c:\program files (x86)\microsoft visual studio 11.0\vc\include\string.h(110) : see declaration of 'strcpy'
     1>c:\users\anind_tobii\dropbox\[ubicomp 2014] driving capture study\data_preprocessor\bioharness_parser\bioharness_parser.cpp(794): warning C4996: 'strcpy': This function or variable may be unsafe. Consider using strcpy_s instead. To disable deprecation, use _CRT_SECURE_NO_WARNINGS. See online help for details.
                 c:\program files (x86)\microsoft visual studio 11.0\vc\include\string.h(110) : see declaration of 'strcpy'
     1>c:\users\anind_tobii\dropbox\[ubicomp 2014] driving capture study\data_preprocessor\bioharness_parser\bioharness_parser.cpp(799): warning C4996: 'strcpy': This function or variable may be unsafe. Consider using strcpy_s instead. To disable deprecation, use _CRT_SECURE_NO_WARNINGS. See online help for details.
                 c:\program files (x86)\microsoft visual studio 11.0\vc\include\string.h(110) : see declaration of 'strcpy'
     1>c:\users\anind_tobii\dropbox\[ubicomp 2014] driving capture study\data_preprocessor\bioharness_parser\bioharness_parser.cpp(804): warning C4996: 'strcpy': This function or variable may be unsafe. Consider using strcpy_s instead. To disable deprecation, use _CRT_SECURE_NO_WARNINGS. See online help for details.
                 c:\program files (x86)\microsoft visual studio 11.0\vc\include\string.h(110) : see declaration of 'strcpy'
     1>c:\users\anind_tobii\dropbox\[ubicomp 2014] driving capture study\data_preprocessor\bioharness_parser\bioharness_parser.cpp(809): warning C4996: 'strcpy': This function or variable may be unsafe. Consider using strcpy_s instead. To disable deprecation, use _CRT_SECURE_NO_WARNINGS. See online help for details.
                 c:\program files (x86)\microsoft visual studio 11.0\vc\include\string.h(110) : see declaration of 'strcpy'
     1>c:\users\anind_tobii\dropbox\[ubicomp 2014] driving capture study\data_preprocessor\bioharness_parser\bioharness_parser.cpp(812): warning C4996: 'strcpy': This function or variable may be unsafe. Consider using strcpy_s instead. To disable deprecation, use _CRT_SECURE_NO_WARNINGS. See online help for details.
                 c:\program files (x86)\microsoft visual studio 11.0\vc\include\string.h(110) : see declaration of 'strcpy'
     1>c:\users\anind_tobii\dropbox\[ubicomp 2014] driving capture study\data_preprocessor\bioharness_parser\bioharness_parser.cpp(824): warning C4996: 'strtok': This function or variable may be unsafe. Consider using strtok_s instead. To disable deprecation, use _CRT_SECURE_NO_WARNINGS. See online help for details.
                 c:\program files (x86)\microsoft visual studio 11.0\vc\include\string.h(200) : see declaration of 'strtok'
     1>c:\users\anind_tobii\dropbox\[ubicomp 2014] driving capture study\data_preprocessor\bioharness_parser\bioharness_parser.cpp(827): warning C4996: 'strcpy': This function or variable may be unsafe. Consider using strcpy_s instead. To disable deprecation, use _CRT_SECURE_NO_WARNINGS. See online help for details.
                 c:\program files (x86)\microsoft visual studio 11.0\vc\include\string.h(110) : see declaration of 'strcpy'
     1>c:\users\anind_tobii\dropbox\[ubicomp 2014] driving capture study\data_preprocessor\bioharness_parser\bioharness_parser.cpp(830): warning C4996: 'strtok': This function or variable may be unsafe. Consider using strtok_s instead. To disable deprecation, use _CRT_SECURE_NO_WARNINGS. See online help for details.
                 c:\program files (x86)\microsoft visual studio 11.0\vc\include\string.h(200) : see declaration of 'strtok'
     1>c:\users\anind_tobii\dropbox\[ubicomp 2014] driving capture study\data_preprocessor\bioharness_parser\bioharness_parser.cpp(832): warning C4996: 'strtok': This function or variable may be unsafe. Consider using strtok_s instead. To disable deprecation, use _CRT_SECURE_NO_WARNINGS. See online help for details.
                 c:\program files (x86)\microsoft visual studio 11.0\vc\include\string.h(200) : see declaration of 'strtok'
     1>c:\users\anind_tobii\dropbox\[ubicomp 2014] driving capture study\data_preprocessor\bioharness_parser\bioharness_parser.cpp(839): warning C4996: 'strtok': This function or variable may be unsafe. Consider using strtok_s instead. To disable deprecation, use _CRT_SECURE_NO_WARNINGS. See online help for details.
                 c:\program files (x86)\microsoft visual studio 11.0\vc\include\string.h(200) : see declaration of 'strtok'
     1>c:\users\anind_tobii\dropbox\[ubicomp 2014] driving capture study\data_preprocessor\bioharness_parser\bioharness_parser.cpp(840): warning C4996: 'strtok': This function or variable may be unsafe. Consider using strtok_s instead. To disable deprecation, use _CRT_SECURE_NO_WARNINGS. See online help for details.
                 c:\program files (x86)\microsoft visual studio 11.0\vc\include\string.h(200) : see declaration of 'strtok'
     1>c:\users\anind_tobii\dropbox\[ubicomp 2014] driving capture study\data_preprocessor\bioharness_parser\bioharness_parser.cpp(841): warning C4996: 'strtok': This function or variable may be unsafe. Consider using strtok_s instead. To disable deprecation, use _CRT_SECURE_NO_WARNINGS. See online help for details.
                 c:\program files (x86)\microsoft visual studio 11.0\vc\include\string.h(200) : see declaration of 'strtok'
     1>c:\users\anind_tobii\dropbox\[ubicomp 2014] driving capture study\data_preprocessor\bioharness_parser\bioharness_parser.cpp(842): warning C4996: 'strtok': This function or variable may be unsafe. Consider using strtok_s instead. To disable deprecation, use _CRT_SECURE_NO_WARNINGS. See online help for details.
                 c:\program files (x86)\microsoft visual studio 11.0\vc\include\string.h(200) : see declaration of 'strtok'
     1>c:\users\anind_tobii\dropbox\[ubicomp 2014] driving capture study\data_preprocessor\bioharness_parser\bioharness_parser.cpp(843): warning C4996: 'strtok': This function or variable may be unsafe. Consider using strtok_s instead. To disable deprecation, use _CRT_SECURE_NO_WARNINGS. See online help for details.
                 c:\program files (x86)\microsoft visual studio 11.0\vc\include\string.h(200) : see declaration of 'strtok'
     1>c:\users\anind_tobii\dropbox\[ubicomp 2014] driving capture study\data_preprocessor\bioharness_parser\bioharness_parser.cpp(844): warning C4996: 'strtok': This function or variable may be unsafe. Consider using strtok_s instead. To disable deprecation, use _CRT_SECURE_NO_WARNINGS. See online help for details.
                 c:\program files (x86)\microsoft visual studio 11.0\vc\include\string.h(200) : see declaration of 'strtok'
     1>c:\users\anind_tobii\dropbox\[ubicomp 2014] driving capture study\data_preprocessor\bioharness_parser\bioharness_parser.cpp(845): warning C4996: 'strtok': This function or variable may be unsafe. Consider using strtok_s instead. To disable deprecation, use _CRT_SECURE_NO_WARNINGS. See online help for details.
                 c:\program files (x86)\microsoft visual studio 11.0\vc\include\string.h(200) : see declaration of 'strtok'
     1>c:\users\anind_tobii\dropbox\[ubicomp 2014] driving capture study\data_preprocessor\bioharness_parser\bioharness_parser.cpp(847): warning C4996: 'strtok': This function or variable may be unsafe. Consider using strtok_s instead. To disable deprecation, use _CRT_SECURE_NO_WARNINGS. See online help for details.
                 c:\program files (x86)\microsoft visual studio 11.0\vc\include\string.h(200) : see declaration of 'strtok'
     1>c:\users\anind_tobii\dropbox\[ubicomp 2014] driving capture study\data_preprocessor\bioharness_parser\bioharness_parser.cpp(848): warning C4996: 'strtok': This function or variable may be unsafe. Consider using strtok_s instead. To disable deprecation, use _CRT_SECURE_NO_WARNINGS. See online help for details.
                 c:\program files (x86)\microsoft visual studio 11.0\vc\include\string.h(200) : see declaration of 'strtok'
     1>c:\users\anind_tobii\dropbox\[ubicomp 2014] driving capture study\data_preprocessor\bioharness_parser\bioharness_parser.cpp(849): warning C4996: 'strtok': This function or variable may be unsafe. Consider using strtok_s instead. To disable deprecation, use _CRT_SECURE_NO_WARNINGS. See online help for details.
                 c:\program files (x86)\microsoft visual studio 11.0\vc\include\string.h(200) : see declaration of 'strtok'
     1>c:\users\anind_tobii\dropbox\[ubicomp 2014] driving capture study\data_preprocessor\bioharness_parser\bioharness_parser.cpp(850): warning C4996: 'strtok': This function or variable may be unsafe. Consider using strtok_s instead. To disable deprecation, use _CRT_SECURE_NO_WARNINGS. See online help for details.
                 c:\program files (x86)\microsoft visual studio 11.0\vc\include\string.h(200) : see declaration of 'strtok'
     1>c:\users\anind_tobii\dropbox\[ubicomp 2014] driving capture study\data_preprocessor\bioharness_parser\bioharness_parser.cpp(851): warning C4996: 'strtok': This function or variable may be unsafe. Consider using strtok_s instead. To disable deprecation, use _CRT_SECURE_NO_WARNINGS. See online help for details.
                 c:\program files (x86)\microsoft visual studio 11.0\vc\include\string.h(200) : see declaration of 'strtok'
     1>c:\users\anind_tobii\dropbox\[ubicomp 2014] driving capture study\data_preprocessor\bioharness_parser\bioharness_parser.cpp(852): warning C4996: 'strtok': This function or variable may be unsafe. Consider using strtok_s instead. To disable deprecation, use _CRT_SECURE_NO_WARNINGS. See online help for details.
                 c:\program files (x86)\microsoft visual studio 11.0\vc\include\string.h(200) : see declaration of 'strtok'
     1>c:\users\anind_tobii\dropbox\[ubicomp 2014] driving capture study\data_preprocessor\bioharness_parser\bioharness_parser.cpp(853): warning C4996: 'strtok': This function or variable may be unsafe. Consider using strtok_s instead. To disable deprecation, use _CRT_SECURE_NO_WARNINGS. See online help for details.
                 c:\program files (x86)\microsoft visual studio 11.0\vc\include\string.h(200) : see declaration of 'strtok'
     1>c:\users\anind_tobii\dropbox\[ubicomp 2014] driving capture study\data_preprocessor\bioharness_parser\bioharness_parser.cpp(855): warning C4996: 'sprintf': This function or variable may be unsafe. Consider using sprintf_s instead. To disable deprecation, use _CRT_SECURE_NO_WARNINGS. See online help for details.
                 c:\program files (x86)\microsoft visual studio 11.0\vc\include\stdio.h(357) : see declaration of 'sprintf'
     1>c:\users\anind_tobii\dropbox\[ubicomp 2014] driving capture study\data_preprocessor\bioharness_parser\bioharness_parser.cpp(865): warning C4996: 'sprintf': This function or variable may be unsafe. Consider using sprintf_s instead. To disable deprecation, use _CRT_SECURE_NO_WARNINGS. See online help for details.
                 c:\program files (x86)\microsoft visual studio 11.0\vc\include\stdio.h(357) : see declaration of 'sprintf'
     1>c:\users\anind_tobii\dropbox\[ubicomp 2014] driving capture study\data_preprocessor\bioharness_parser\bioharness_parser.cpp(869): warning C4996: 'strcpy': This function or variable may be unsafe. Consider using strcpy_s instead. To disable deprecation, use _CRT_SECURE_NO_WARNINGS. See online help for details.
                 c:\program files (x86)\microsoft visual studio 11.0\vc\include\string.h(110) : see declaration of 'strcpy'
     1>c:\users\anind_tobii\dropbox\[ubicomp 2014] driving capture study\data_preprocessor\bioharness_parser\bioharness_parser.cpp(873): warning C4996: 'strcpy': This function or variable may be unsafe. Consider using strcpy_s instead. To disable deprecation, use _CRT_SECURE_NO_WARNINGS. See online help for details.
                 c:\program files (x86)\microsoft visual studio 11.0\vc\include\string.h(110) : see declaration of 'strcpy'
     1>c:\users\anind_tobii\dropbox\[ubicomp 2014] driving capture study\data_preprocessor\bioharness_parser\bioharness_parser.cpp(877): warning C4996: 'strcpy': This function or variable may be unsafe. Consider using strcpy_s instead. To disable deprecation, use _CRT_SECURE_NO_WARNINGS. See online help for details.
                 c:\program files (x86)\microsoft visual studio 11.0\vc\include\string.h(110) : see declaration of 'strcpy'
     1>c:\users\anind_tobii\dropbox\[ubicomp 2014] driving capture study\data_preprocessor\bioharness_parser\bioharness_parser.cpp(887): warning C4996: 'sscanf': This function or variable may be unsafe. Consider using sscanf_s instead. To disable deprecation, use _CRT_SECURE_NO_WARNINGS. See online help for details.
                 c:\program files (x86)\microsoft visual studio 11.0\vc\include\stdio.h(311) : see declaration of 'sscanf'
     1>c:\users\anind_tobii\dropbox\[ubicomp 2014] driving capture study\data_preprocessor\bioharness_parser\bioharness_parser.cpp(888): warning C4996: 'sprintf': This function or variable may be unsafe. Consider using sprintf_s instead. To disable deprecation, use _CRT_SECURE_NO_WARNINGS. See online help for details.
                 c:\program files (x86)\microsoft visual studio 11.0\vc\include\stdio.h(357) : see declaration of 'sprintf'
     1>c:\users\anind_tobii\dropbox\[ubicomp 2014] driving capture study\data_preprocessor\bioharness_parser\bioharness_parser.cpp(915): warning C4996: 'strcpy': This function or variable may be unsafe. Consider using strcpy_s instead. To disable deprecation, use _CRT_SECURE_NO_WARNINGS. See online help for details.
                 c:\program files (x86)\microsoft visual studio 11.0\vc\include\string.h(110) : see declaration of 'strcpy'
     1>c:\users\anind_tobii\dropbox\[ubicomp 2014] driving capture study\data_preprocessor\bioharness_parser\bioharness_parser.cpp(918): warning C4996: 'strcpy': This function or variable may be unsafe. Consider using strcpy_s instead. To disable deprecation, use _CRT_SECURE_NO_WARNINGS. See online help for details.
                 c:\program files (x86)\microsoft visual studio 11.0\vc\include\string.h(110) : see declaration of 'strcpy'
     1>c:\users\anind_tobii\dropbox\[ubicomp 2014] driving capture study\data_preprocessor\bioharness_parser\bioharness_parser.cpp(921): warning C4996: 'strcpy': This function or variable may be unsafe. Consider using strcpy_s instead. To disable deprecation, use _CRT_SECURE_NO_WARNINGS. See online help for details.
                 c:\program files (x86)\microsoft visual studio 11.0\vc\include\string.h(110) : see declaration of 'strcpy'
     1>c:\users\anind_tobii\dropbox\[ubicomp 2014] driving capture study\data_preprocessor\bioharness_parser\bioharness_parser.cpp(926): warning C4996: 'strcpy': This function or variable may be unsafe. Consider using strcpy_s instead. To disable deprecation, use _CRT_SECURE_NO_WARNINGS. See online help for details.
                 c:\program files (x86)\microsoft visual studio 11.0\vc\include\string.h(110) : see declaration of 'strcpy'
     1>c:\users\anind_tobii\dropbox\[ubicomp 2014] driving capture study\data_preprocessor\bioharness_parser\bioharness_parser.cpp(929): warning C4996: 'strcpy': This function or variable may be unsafe. Consider using strcpy_s instead. To disable deprecation, use _CRT_SECURE_NO_WARNINGS. See online help for details.
                 c:\program files (x86)\microsoft visual studio 11.0\vc\include\string.h(110) : see declaration of 'strcpy'
     1>c:\users\anind_tobii\dropbox\[ubicomp 2014] driving capture study\data_preprocessor\bioharness_parser\bioharness_parser.cpp(932): warning C4996: 'strcpy': This function or variable may be unsafe. Consider using strcpy_s instead. To disable deprecation, use _CRT_SECURE_NO_WARNINGS. See online help for details.
                 c:\program files (x86)\microsoft visual studio 11.0\vc\include\string.h(110) : see declaration of 'strcpy'
     1>c:\users\anind_tobii\dropbox\[ubicomp 2014] driving capture study\data_preprocessor\bioharness_parser\bioharness_parser.cpp(943): warning C4996: 'strcpy': This function or variable may be unsafe. Consider using strcpy_s instead. To disable deprecation, use _CRT_SECURE_NO_WARNINGS. See online help for details.
                 c:\program files (x86)\microsoft visual studio 11.0\vc\include\string.h(110) : see declaration of 'strcpy'
     1>c:\users\anind_tobii\dropbox\[ubicomp 2014] driving capture study\data_preprocessor\bioharness_parser\bioharness_parser.cpp(999): warning C4996: 'sscanf': This function or variable may be unsafe. Consider using sscanf_s instead. To disable deprecation, use _CRT_SECURE_NO_WARNINGS. See online help for details.
                 c:\program files (x86)\microsoft visual studio 11.0\vc\include\stdio.h(311) : see declaration of 'sscanf'
     1>c:\users\anind_tobii\dropbox\[ubicomp 2014] driving capture study\data_preprocessor\bioharness_parser\bioharness_parser.cpp(1000): warning C4996: 'sprintf': This function or variable may be unsafe. Consider using sprintf_s instead. To disable deprecation, use _CRT_SECURE_NO_WARNINGS. See online help for details.
                 c:\program files (x86)\microsoft visual studio 11.0\vc\include\stdio.h(357) : see declaration of 'sprintf'
     1>c:\users\anind_tobii\dropbox\[ubicomp 2014] driving capture study\data_preprocessor\bioharness_parser\bioharness_parser.cpp(1052): warning C4996: 'sscanf': This function or variable may be unsafe. Consider using sscanf_s instead. To disable deprecation, use _CRT_SECURE_NO_WARNINGS. See online help for details.
                 c:\program files (x86)\microsoft visual studio 11.0\vc\include\stdio.h(311) : see declaration of 'sscanf'
     1>c:\users\anind_tobii\dropbox\[ubicomp 2014] driving capture study\data_preprocessor\bioharness_parser\bioharness_parser.cpp(1055): warning C4996: 'sprintf': This function or variable may be unsafe. Consider using sprintf_s instead. To disable deprecation, use _CRT_SECURE_NO_WARNINGS. See online help for details.
                 c:\program files (x86)\microsoft visual studio 11.0\vc\include\stdio.h(357) : see declaration of 'sprintf'
     1>c:\users\anind_tobii\dropbox\[ubicomp 2014] driving capture study\data_preprocessor\bioharness_parser\bioharness_parser.cpp(1086): warning C4996: 'strcpy': This function or variable may be unsafe. Consider using strcpy_s instead. To disable deprecation, use _CRT_SECURE_NO_WARNINGS. See online help for details.
                 c:\program files (x86)\microsoft visual studio 11.0\vc\include\string.h(110) : see declaration of 'strcpy'
     1>c:\users\anind_tobii\dropbox\[ubicomp 2014] driving capture study\data_preprocessor\bioharness_parser\bioharness_parser.cpp(1129): warning C4996: 'sprintf': This function or variable may be unsafe. Consider using sprintf_s instead. To disable deprecation, use _CRT_SECURE_NO_WARNINGS. See online help for details.
                 c:\program files (x86)\microsoft visual studio 11.0\vc\include\stdio.h(357) : see declaration of 'sprintf'
     1>c:\users\anind_tobii\dropbox\[ubicomp 2014] driving capture study\data_preprocessor\bioharness_parser\bioharness_parser.cpp(1132): warning C4996: 'itoa': The POSIX name for this item is deprecated. Instead, use the ISO C++ conformant name: _itoa. See online help for details.
                 c:\program files (x86)\microsoft visual studio 11.0\vc\include\stdlib.h(909) : see declaration of 'itoa'
     1>c:\users\anind_tobii\dropbox\[ubicomp 2014] driving capture study\data_preprocessor\bioharness_parser\bioharness_parser.cpp(450): warning C4101: 'pre_data_BB_RR' : unreferenced local variable
     1>c:\users\anind_tobii\dropbox\[ubicomp 2014] driving capture study\data_preprocessor\bioharness_parser\bioharness_parser.cpp(451): warning C4101: 'pre_data_ECG' : unreferenced local variable
       Link:
         C:\Program Files (x86)\Microsoft Visual Studio 11.0\VC\bin\link.exe /ERRORREPORT:PROMPT /OUT:"C:\Users\Anind_Tobii\Dropbox\[UbiComp 2014] Driving Capture Study\Data_preprocessor\Debug\BioHarness_parser.exe" /INCREMENTAL /NOLOGO kernel32.lib user32.lib gdi32.lib winspool.lib comdlg32.lib advapi32.lib shell32.lib ole32.lib oleaut32.lib uuid.lib odbc32.lib odbccp32.lib /MANIFEST /MANIFESTUAC:"level='asInvoker' uiAccess='false'" /manifest:embed /DEBUG /PDB:"C:\Users\Anind_Tobii\Dropbox\[UbiComp 2014] Driving Capture Study\Data_preprocessor\Debug\BioHarness_parser.pdb" /SUBSYSTEM:CONSOLE /TLBID:1 /DYNAMICBASE /NXCOMPAT /IMPLIB:"C:\Users\Anind_Tobii\Dropbox\[UbiComp 2014] Driving Capture Study\Data_preprocessor\Debug\BioHarness_parser.lib" /MACHINE:X86 Debug\BioHarness_parser.obj
         Debug\stdafx.obj
         BioHarness_parser.vcxproj -> C:\Users\Anind_Tobii\Dropbox\[UbiComp 2014] Driving Capture Study\Data_preprocessor\Debug\BioHarness_parser.exe
       FinalizeBuildStatus:
         Deleting file "Debug\BioHarness_parser.unsuccessfulbuild".
         Touching "Debug\BioHarness_parser.lastbuildstate".
     1>Done Building Project "C:\Users\Anind_Tobii\Dropbox\[UbiComp 2014] Driving Capture Study\Data_preprocessor\BioHarness_parser\BioHarness_parser.vcxproj" (Rebuild target(s)).

Build succeeded.

Time Elapsed 00:00:02.02
